[2017/05/12 10:22:08.106] [10] ***** ***** ***** [2017/05/12 10:22:06.037] ***** ***** *****
[2017/05/12 10:22:08.106] [10] Ict.Win.UI.dll  Ict.Win.Frms.Base.Base_VisibleChanged  () RFIDmiddleware[RFIDmiddleware] - 開始叫用 OnFormLoaded。
[2017/05/12 10:22:08.187] [10] Ict.Win.UI.dll  Ict.Win.Frms.Base.Base_VisibleChanged  (x86) () RFIDmiddleware[RFIDmiddleware] - 叫用 OnFormLoaded 完成。
[2017/05/12 10:22:54.574] [10] Ict.Win.UI.dll  Ict.Win.Frms.Base.OnFormClosing  (x86) () RFIDmiddleware[RFIDmiddleware] - CloseReason:'UserClosing'。
[2017/05/12 10:22:54.574] [10] Ict.Win.UI.dll  Ict.Win.Frms.Base.OnFormClosing  (x86) () RFIDmiddleware[RFIDmiddleware] - CloseReason:'UserClosing'、Cancel:'False'。
[2017/05/12 10:22:54.576] [10] Ict.Win.UI.dll  Ict.Win.Frms.Base.OnFormClosed  (x86) () RFIDmiddleware[RFIDmiddleware] - CloseReason:'UserClosing'、
[2017/05/12 10:26:28.556] [9] ***** ***** ***** [2017/05/12 10:24:00.745] ***** ***** *****
[2017/05/12 10:26:28.557] [9] Ict.Win.UI.dll  Ict.Win.Frms.Base.Base_VisibleChanged  () RFIDmiddleware[RFIDmiddleware] - 開始叫用 OnFormLoaded。
[2017/05/12 10:26:28.666] [9] Ict.Win.UI.dll  Ict.Win.Frms.Base.Base_VisibleChanged  (x86) () RFIDmiddleware[RFIDmiddleware] - 叫用 OnFormLoaded 完成。
[2017/05/12 10:26:30.052] [9] Ict.Win.UI.dll  Ict.Win.Frms.Base.OnFormClosing  (x86) () RFIDmiddleware[RFIDmiddleware] - CloseReason:'UserClosing'。
[2017/05/12 10:26:30.053] [9] Ict.Win.UI.dll  Ict.Win.Frms.Base.OnFormClosing  (x86) () RFIDmiddleware[RFIDmiddleware] - CloseReason:'UserClosing'、Cancel:'False'。
[2017/05/12 10:26:30.054] [9] Ict.Win.UI.dll  Ict.Win.Frms.Base.OnFormClosed  (x86) () RFIDmiddleware[RFIDmiddleware] - CloseReason:'UserClosing'、
[2017/05/12 10:26:41.730] [10] ***** ***** ***** [2017/05/12 10:26:33.297] ***** ***** *****
[2017/05/12 10:26:41.731] [10] Ict.Win.UI.dll  Ict.Win.Frms.Base.Base_VisibleChanged  () RFIDmiddleware[RFIDmiddleware] - 開始叫用 OnFormLoaded。
[2017/05/12 10:26:41.833] [10] Ict.Win.UI.dll  Ict.Win.Frms.Base.Base_VisibleChanged  (x86) () RFIDmiddleware[RFIDmiddleware] - 叫用 OnFormLoaded 完成。
[2017/05/12 10:28:44.981] [9] ***** ***** ***** [2017/05/12 10:27:59.037] ***** ***** *****
[2017/05/12 10:28:44.982] [9] Ict.Win.UI.dll  Ict.Win.Frms.Base.Base_VisibleChanged  () RFIDmiddleware[RFIDmiddleware] - 開始叫用 OnFormLoaded。
[2017/05/12 10:28:45.087] [9] Ict.Win.UI.dll  Ict.Win.Frms.Base.Base_VisibleChanged  (x86) () RFIDmiddleware[RFIDmiddleware] - 叫用 OnFormLoaded 完成。
[2017/05/12 10:31:43.499] [9] ***** ***** ***** [2017/05/12 10:30:09.984] ***** ***** *****
[2017/05/12 10:31:43.500] [9] Ict.Win.UI.dll  Ict.Win.Frms.Base.Base_VisibleChanged  () RFIDmiddleware[RFIDmiddleware] - 開始叫用 OnFormLoaded。
[2017/05/12 10:31:43.597] [9] Ict.Win.UI.dll  Ict.Win.Frms.Base.Base_VisibleChanged  (x86) () RFIDmiddleware[RFIDmiddleware] - 叫用 OnFormLoaded 完成。
[2017/05/12 10:34:00.973] [9] Ict.Win.UI.dll  Ict.Win.Frms.Base.OnFormClosing  (x86) () RFIDmiddleware[RFIDmiddleware] - CloseReason:'UserClosing'。
[2017/05/12 10:34:00.974] [9] Ict.Win.UI.dll  Ict.Win.Frms.Base.OnFormClosing  (x86) () RFIDmiddleware[RFIDmiddleware] - CloseReason:'UserClosing'、Cancel:'False'。
[2017/05/12 10:34:00.976] [9] Ict.Win.UI.dll  Ict.Win.Frms.Base.OnFormClosed  (x86) () RFIDmiddleware[RFIDmiddleware] - CloseReason:'UserClosing'、
[2017/05/12 10:39:04.777] [9] ***** ***** ***** [2017/05/12 10:34:02.854] ***** ***** *****
[2017/05/12 10:39:04.778] [9] Ict.Win.UI.dll  Ict.Win.Frms.Base.Base_VisibleChanged  () RFIDmiddleware[RFIDmiddleware] - 開始叫用 OnFormLoaded。
[2017/05/12 10:39:04.854] [9] Ict.Win.UI.dll  Ict.Win.Frms.Base.Base_VisibleChanged  (x86) () RFIDmiddleware[RFIDmiddleware] - 叫用 OnFormLoaded 完成。
[2017/05/12 10:39:41.042] [9] ***** ***** ***** [2017/05/12 10:39:29.139] ***** ***** *****
[2017/05/12 10:39:41.042] [9] Ict.Win.UI.dll  Ict.Win.Frms.Base.Base_VisibleChanged  () RFIDmiddleware[RFIDmiddleware] - 開始叫用 OnFormLoaded。
[2017/05/12 10:39:41.126] [9] Ict.Win.UI.dll  Ict.Win.Frms.Base.Base_VisibleChanged  (x86) () RFIDmiddleware[RFIDmiddleware] - 叫用 OnFormLoaded 完成。
[2017/05/12 10:40:34.532] [9] ***** ***** ***** [2017/05/12 10:39:52.478] ***** ***** *****
[2017/05/12 10:40:34.532] [9] Ict.Win.UI.dll  Ict.Win.Frms.Base.Base_VisibleChanged  () RFIDmiddleware[RFIDmiddleware] - 開始叫用 OnFormLoaded。
[2017/05/12 10:40:34.610] [9] Ict.Win.UI.dll  Ict.Win.Frms.Base.Base_VisibleChanged  (x86) () RFIDmiddleware[RFIDmiddleware] - 叫用 OnFormLoaded 完成。
[2017/05/12 10:41:22.449] [10] ***** ***** ***** [2017/05/12 10:41:20.751] ***** ***** *****
[2017/05/12 10:41:22.449] [10] Ict.Win.UI.dll  Ict.Win.Frms.Base.Base_VisibleChanged  () RFIDmiddleware[RFIDmiddleware] - 開始叫用 OnFormLoaded。
[2017/05/12 10:41:22.533] [10] Ict.Win.UI.dll  Ict.Win.Frms.Base.Base_VisibleChanged  (x86) () RFIDmiddleware[RFIDmiddleware] - 叫用 OnFormLoaded 完成。
[2017/05/12 10:41:40.958] [10] ***** ***** ***** [2017/05/12 10:41:33.645] ***** ***** *****
[2017/05/12 10:41:40.958] [10] Ict.Win.UI.dll  Ict.Win.Frms.Base.Base_VisibleChanged  () RFIDmiddleware[RFIDmiddleware] - 開始叫用 OnFormLoaded。
[2017/05/12 10:41:41.033] [10] Ict.Win.UI.dll  Ict.Win.Frms.Base.Base_VisibleChanged  (x86) () RFIDmiddleware[RFIDmiddleware] - 叫用 OnFormLoaded 完成。
[2017/05/12 10:42:06.481] [9] ***** ***** ***** [2017/05/12 10:42:04.804] ***** ***** *****
[2017/05/12 10:42:06.481] [9] Ict.Win.UI.dll  Ict.Win.Frms.Base.Base_VisibleChanged  () RFIDmiddleware[RFIDmiddleware] - 開始叫用 OnFormLoaded。
[2017/05/12 10:42:06.555] [9] Ict.Win.UI.dll  Ict.Win.Frms.Base.Base_VisibleChanged  (x86) () RFIDmiddleware[RFIDmiddleware] - 叫用 OnFormLoaded 完成。
[2017/05/12 10:43:15.252] [10] ***** ***** ***** [2017/05/12 10:43:13.568] ***** ***** *****
[2017/05/12 10:43:15.253] [10] Ict.Win.UI.dll  Ict.Win.Frms.Base.Base_VisibleChanged  () RFIDmiddleware[RFIDmiddleware] - 開始叫用 OnFormLoaded。
[2017/05/12 10:43:15.328] [10] Ict.Win.UI.dll  Ict.Win.Frms.Base.Base_VisibleChanged  (x86) () RFIDmiddleware[RFIDmiddleware] - 叫用 OnFormLoaded 完成。
