[2016/10/03 08:53:12.022] [3] Ict.Win.App.dll  Ict.Win.Asyncs.Simple01.Worker  duration(ms):155699543
[2016/10/03 08:53:12.047] [9] Ict.Win.UI.dll  Ict.Win.Frms.Base.OnFormClosing  資料處理[Simple01] - CloseReason:'UserClosing'。
[2016/10/03 08:53:12.047] [9] Ict.Win.UI.dll  Ict.Win.Frms.Base.OnFormClosing  資料處理[Simple01] - CloseReason:'UserClosing'、Cancel:'False'。
[2016/10/03 08:53:12.047] [9] Ict.Win.UI.dll  Ict.Win.Frms.Base.OnFormClosed  資料處理[Simple01] - CloseReason:'UserClosing'、
[2016/10/03 08:53:12.056] [9] Ict.Win.App.dll  Ict.Win.Tools.Msg.ShowErr  錯誤訊息 - [錯誤]
Update failed!
[2016/10/03 08:53:12.104] [9] Ict.Win.UI.dll  Ict.Win.Frms.Base.Base_VisibleChanged  錯誤[Msg] - 開始叫用 OnFormLoaded。
[2016/10/03 08:53:12.105] [9] Ict.Win.UI.dll  Ict.Win.Frms.Base.Base_VisibleChanged  錯誤[Msg] - 叫用 OnFormLoaded 完成。
[2016/10/03 08:53:15.320] [9] Ict.Win.UI.dll  Ict.Win.UI.Button.OnClicking  [ok]確定
[2016/10/03 08:53:15.358] [9] Ict.Win.App.dll  Ict.Win.Tools.Msg.ok_Click  訊息 - ok[確定]。
[2016/10/03 08:53:15.358] [9] Ict.Win.UI.dll  Ict.Win.Frms.Base.OnFormClosing  錯誤[Msg] - CloseReason:'UserClosing'。
[2016/10/03 08:53:15.358] [9] Ict.Win.UI.dll  Ict.Win.Frms.Base.OnFormClosing  錯誤[Msg] - CloseReason:'UserClosing'、Cancel:'False'。
[2016/10/03 08:53:15.358] [9] Ict.Win.UI.dll  Ict.Win.UI.Button.OnClicked  [ok]確定
[2016/10/03 08:53:15.359] [9] Ict.Win.UI.dll  Ict.Win.Frms.Base.OnFormClosed  錯誤[Msg] - CloseReason:'UserClosing'、
[2016/10/03 08:53:15.365] [9] Ict.Win.UI.dll  Ict.Win.UI.Button.OnClicked  [btnUpdate]Update/Export
[2016/10/03 08:53:18.950] [9] Ict.Win.UI.dll  Ict.Win.Frms.Base.OnFormClosing  Data Transfer[Main] - CloseReason:'UserClosing'。
[2016/10/03 08:53:18.950] [9] Ict.Win.UI.dll  Ict.Win.Frms.Base.OnFormClosing  Data Transfer[Main] - CloseReason:'UserClosing'、Cancel:'False'。
[2016/10/03 08:53:18.952] [9] Ict.Win.UI.dll  Ict.Win.Frms.Base.OnFormClosed  Data Transfer[Main] - CloseReason:'UserClosing'、
[2016/10/03 09:07:27.598] [10] ***** ***** ***** [2016/10/03 08:53:19.406] ***** ***** *****
[2016/10/03 09:07:27.598] [10] Ict.Win.UI.dll  Ict.Win.Frms.Base.Base_VisibleChanged  Data Transfer[Main] - 開始叫用 OnFormLoaded。
[2016/10/03 09:07:27.979] [10] Ict.Win.UI.dll  Ict.Win.Frms.Base.Base_VisibleChanged  Data Transfer[Main] - 叫用 OnFormLoaded 完成。
[2016/10/03 09:07:30.024] [10] Ict.Win.UI.dll  Ict.Win.UI.Button.OnClicking  [btnUpdate]Update/Export
[2016/10/03 09:07:30.116] [10] Ict.Win.UI.dll  Ict.Win.Frms.Base.Base_VisibleChanged  資料處理[Simple01] - 開始叫用 OnFormLoaded。
[2016/10/03 09:07:30.119] [10] Ict.Win.UI.dll  Ict.Win.Frms.Base.Base_VisibleChanged  資料處理[Simple01] - 叫用 OnFormLoaded 完成。
[2016/10/03 09:07:30.434] [3] DeleteDatabase
ok
[2016/10/03 09:14:04.006] [10] ***** ***** ***** [2016/10/03 09:13:49.207] ***** ***** *****
[2016/10/03 09:14:04.006] [10] Ict.Win.UI.dll  Ict.Win.Frms.Base.Base_VisibleChanged  Data Transfer[Main] - 開始叫用 OnFormLoaded。
[2016/10/03 09:14:04.131] [10] Ict.Win.UI.dll  Ict.Win.Frms.Base.Base_VisibleChanged  Data Transfer[Main] - 叫用 OnFormLoaded 完成。
[2016/10/03 09:14:05.240] [10] Ict.Win.UI.dll  Ict.Win.UI.Button.OnClicking  [btnUpdate]Update/Export
[2016/10/03 09:14:05.330] [10] Ict.Win.UI.dll  Ict.Win.Frms.Base.Base_VisibleChanged  資料處理[Simple01] - 開始叫用 OnFormLoaded。
[2016/10/03 09:14:05.334] [10] Ict.Win.UI.dll  Ict.Win.Frms.Base.Base_VisibleChanged  資料處理[Simple01] - 叫用 OnFormLoaded 完成。
[2016/10/03 09:14:05.648] [12] DeleteDatabase
ok
[2016/10/03 09:19:02.508] [12] Ict.Win.UI.dll  Ict.Win.Frms.Base.Base_VisibleChanged  [MailTo] - 開始叫用 OnFormLoaded。
[2016/10/03 09:19:02.521] [12] Ict.Win.UI.dll  Ict.Win.Frms.Base.OnFormClosing  [MailTo] - CloseReason:'UserClosing'。
[2016/10/03 09:19:02.521] [12] Ict.Win.UI.dll  Ict.Win.Frms.Base.OnFormClosing  [MailTo] - CloseReason:'UserClosing'、Cancel:'False'。
[2016/10/03 09:19:02.521] [12] Ict.Win.UI.dll  Ict.Win.Frms.Base.Base_VisibleChanged  [MailTo] - 叫用 OnFormLoaded 完成。
[2016/10/03 09:19:02.545] [12] Ict.Win.UI.dll  Ict.Win.Frms.Base.OnFormClosed  [MailTo] - CloseReason:'UserClosing'、
[2016/10/03 09:19:02.548] [12] Ict.Win.App.dll  Ict.Win.Asyncs.Simple01.Worker  duration(ms):297213
[2016/10/03 09:19:02.551] [10] Ict.Win.UI.dll  Ict.Win.Frms.Base.OnFormClosing  資料處理[Simple01] - CloseReason:'UserClosing'。
[2016/10/03 09:19:02.551] [10] Ict.Win.UI.dll  Ict.Win.Frms.Base.OnFormClosing  資料處理[Simple01] - CloseReason:'UserClosing'、Cancel:'False'。
[2016/10/03 09:19:02.551] [10] Ict.Win.UI.dll  Ict.Win.Frms.Base.OnFormClosed  資料處理[Simple01] - CloseReason:'UserClosing'、
[2016/10/03 09:19:02.554] [10] Ict.Win.App.dll  Ict.Win.Tools.Msg.ShowErr  錯誤訊息 - [錯誤]
Wrong the downloaded file date!!,Pls contact with Taipei.
[2016/10/03 09:19:02.587] [10] Ict.Win.UI.dll  Ict.Win.Frms.Base.Base_VisibleChanged  錯誤[Msg] - 開始叫用 OnFormLoaded。
[2016/10/03 09:19:02.588] [10] Ict.Win.UI.dll  Ict.Win.Frms.Base.Base_VisibleChanged  錯誤[Msg] - 叫用 OnFormLoaded 完成。
[2016/10/03 09:19:04.536] [10] Ict.Win.UI.dll  Ict.Win.UI.Button.OnClicking  [ok]確定
[2016/10/03 09:19:04.587] [10] Ict.Win.App.dll  Ict.Win.Tools.Msg.ok_Click  訊息 - ok[確定]。
[2016/10/03 09:19:04.588] [10] Ict.Win.UI.dll  Ict.Win.Frms.Base.OnFormClosing  錯誤[Msg] - CloseReason:'UserClosing'。
[2016/10/03 09:19:04.588] [10] Ict.Win.UI.dll  Ict.Win.Frms.Base.OnFormClosing  錯誤[Msg] - CloseReason:'UserClosing'、Cancel:'False'。
[2016/10/03 09:19:04.588] [10] Ict.Win.UI.dll  Ict.Win.UI.Button.OnClicked  [ok]確定
[2016/10/03 09:19:04.589] [10] Ict.Win.UI.dll  Ict.Win.Frms.Base.OnFormClosed  錯誤[Msg] - CloseReason:'UserClosing'、
[2016/10/03 09:19:04.599] [10] Ict.Win.UI.dll  Ict.Win.UI.Button.OnClicked  [btnUpdate]Update/Export
[2016/10/03 09:22:37.823] [10] Ict.Win.UI.dll  Ict.Win.UI.Button.OnClicking  [btnUpdate]Update/Export
[2016/10/03 09:22:37.893] [10] Ict.Win.UI.dll  Ict.Win.Frms.Base.Base_VisibleChanged  資料處理[Simple01] - 開始叫用 OnFormLoaded。
[2016/10/03 09:22:37.895] [10] Ict.Win.UI.dll  Ict.Win.Frms.Base.Base_VisibleChanged  資料處理[Simple01] - 叫用 OnFormLoaded 完成。
[2016/10/03 09:22:38.140] [23] DeleteDatabase
ok
[2016/10/03 09:30:19.293] [23] dropDB_Tables
ok
[2016/10/03 09:30:19.718] [14] dropDB_Tables
ok
[2016/10/03 09:30:19.729] [14] Create DateInfo
ok
[2016/10/03 09:30:20.312] [22] exp_Machine                                                                                         
ok
[2016/10/03 09:30:21.459] [17] exp_Debit                                                                                           
ok
[2016/10/03 09:30:21.586] [17] exp_Pass1                                                                                           
ok
[2016/10/03 09:30:25.792] [6] exp_Airpp                                                                                           
ok
[2016/10/03 09:30:29.533] [15] exp_Express                                                                                         
ok
[2016/10/03 09:30:29.569] [12] exp_Export                                                                                          
ok
[2016/10/03 09:30:30.605] [12] exp_Style_ProductionKits                                                                            
ok
[2016/10/03 09:30:30.613] [6] exp_Replacement                                                                                     
ok
[2016/10/03 09:30:30.627] [19] exp_Order                                                                                           
ok
[2016/10/03 09:30:31.481] [15] exp_Sewing                                                                                          
ok
[2016/10/03 09:30:31.566] [12] exp_WkHours                                                                                         
ok
[2016/10/03 09:30:32.166] [19] exp_OrderSchedule                                                                                   
ok
[2016/10/03 09:30:32.396] [22] exp_Part                                                                                            
ok
[2016/10/03 09:30:46.799] [17] exp_Pullout                                                                                         
ok
[2016/10/03 09:31:21.761] [7] exp_Cutting                                                                                         
ok
[2016/10/03 09:34:28.733] [18] exp_3rd                                                                                             
ok
[2016/10/03 09:38:14.949] [14] RAR DataBase
ok
[2016/10/03 09:38:18.622] [14] Upload RAR To Ftp 
ok
[2016/10/03 09:38:21.949] [14] Attach_DataBase
ok
[2016/10/03 09:38:33.486] [23] DeleteDatabase
ok
[2016/10/03 09:40:45.827] [23] Attach_DataBase
ok
[2016/10/03 15:05:41.462] [24] imp_debit
ok
[2016/10/03 15:05:45.727] [17] imp_Airpp
ok
[2016/10/03 15:05:46.601] [3] imp_adicomp
ok
[2016/10/03 15:05:48.447] [7] imp_Airboat
ok
[2016/10/03 15:06:46.355] [6] imp_base
ok
[2016/10/03 15:06:52.557] [3] imp_part
ok
[2016/10/03 15:38:39.691] [24] imp_Inv
ok
[2016/10/03 15:38:41.718] [24] imp_replacement
ok
[2016/10/03 16:05:46.967] [3] imp_Prokit
ok
[2016/10/03 16:24:16.913] [7] imp_Pattern
ok
[2016/10/03 17:00:08.799] [6] imp_Po
ok
[2016/10/03 17:00:31.876] [17] imp_Invadj
執行資料庫文字命令時發生錯誤。
   於 Sci.Data.DBProxy.Result.F(String description, Exception ex) 於 d:\System2014\PublicClass\Sci\Data\DBProxy.cs: 行 748
   於 Sci.Data.DBProxy.ExecuteByConn(SqlConnection conn, String cmdtext, IList`1 parameters) 於 d:\System2014\PublicClass\Sci\Data\DBProxy.cs: 行 1157
   於 Sci.DB.Transfer.Transfer_Task(TransTask task, SqlConnection conn, List`1 pars) 於 d:\System2014\PublicClass\Sci.Proj\DB\TransExport.cs: 行 696
   於 Sci.DB.Transfer.<>c__DisplayClass2c.<Transfer_Task_BySeq>b__2a(TransTask t) 於 d:\System2014\PublicClass\Sci.Proj\DB\TransExport.cs: 行 661
   於 System.Linq.Enumerable.All[TSource](IEnumerable`1 source, Func`2 predicate)
   於 Sci.DB.Transfer.Transfer_Task_BySeq(List`1 tasks) 於 d:\System2014\PublicClass\Sci.Proj\DB\TransExport.cs: 行 659
   於 Sci.DB.Transfer.<Import_ByGroupID_InThread>b__24(IGrouping`2 regionTasks) 於 d:\System2014\PublicClass\Sci.Proj\DB\TransExport.cs: 行 638
   於 System.Linq.Enumerable.WhereSelectEnumerableIterator`2.MoveNext()
   於 System.Collections.Generic.List`1..ctor(IEnumerable`1 collection)
   於 System.Linq.Enumerable.ToList[TSource](IEnumerable`1 source)
   於 Sci.DB.Transfer.Import_ByGroupID_InThread(List`1 region_Tasks) 於 d:\System2014\PublicClass\Sci.Proj\DB\TransExport.cs: 行 635
   於 Sci.DB.Transfer.<Import_ByGroupID>b__1c(IGrouping`2 rTasks) 於 d:\System2014\PublicClass\Sci.Proj\DB\TransExport.cs: 行 619
   於 System.Linq.Parallel.SelectQueryOperator`2.SelectQueryOperatorEnumerator`1.MoveNext(TOutput& currentElement, TKey& currentKey)
   於 System.Linq.Parallel.PipelineSpoolingTask`2.SpoolingWork()
   於 System.Linq.Parallel.SpoolingTaskBase.Work()
   於 System.Linq.Parallel.QueryTask.BaseWork(Object unused)
   於 System.Linq.Parallel.QueryTask.<.cctor>b__0(Object o)
   於 System.Threading.Tasks.Task.InnerInvoke()
   於 System.Threading.Tasks.Task.Execute()
   於 System.Threading.Tasks.Task.ExecutionContextCallback(Object obj)
   於 System.Threading.ExecutionContext.RunInternal(ExecutionContext executionContext, ContextCallback callback, Object state, Boolean preserveSyncCtx)
   於 System.Threading.ExecutionContext.Run(ExecutionContext executionContext, ContextCallback callback, Object state, Boolean preserveSyncCtx)
   於 System.Threading.Tasks.Task.ExecuteWithThreadLocal(Task& currentTaskSlot)
   於 System.Threading.Tasks.Task.ExecuteEntry(Boolean bPreventDoubleExecution)
   於 System.Threading.Tasks.Task.System.Threading.IThreadPoolWorkItem.ExecuteWorkItem()
   於 System.Threading.ThreadPoolWorkQueue.Dispatch()
   於 System.Threading._ThreadPoolWaitCallback.PerformWaitCallback()

System.Data.SqlClient.SqlException (0x80131904): Err# : 1205
Error Severity:13
Error State:52
Error Proc:imp_Invadj
Error Line:138
Error Msg:Transaction (Process ID 183) was deadlocked on lock | communication buffer resources with another process and has been chosen as the deadlock victim. Rerun the transaction.
   於 System.Data.SqlClient.SqlConnection.OnError(SqlException exception, Boolean breakConnection, Action`1 wrapCloseInAction)
   於 System.Data.SqlClient.SqlInternalConnection.OnError(SqlException exception, Boolean breakConnection, Action`1 wrapCloseInAction)
   於 System.Data.SqlClient.TdsParser.ThrowExceptionAndWarning(TdsParserStateObject stateObj, Boolean callerHasConnectionLock, Boolean asyncClose)
   於 System.Data.SqlClient.TdsParser.TryRun(RunBehavior runBehavior, SqlCommand cmdHandler, SqlDataReader dataStream, BulkCopySimpleResultSet bulkCopyHandler, TdsParserStateObject stateObj, Boolean& dataReady)
   於 System.Data.SqlClient.SqlCommand.FinishExecuteReader(SqlDataReader ds, RunBehavior runBehavior, String resetOptionsString)
   於 System.Data.SqlClient.SqlCommand.RunExecuteReaderTds(CommandBehavior cmdBehavior, RunBehavior runBehavior, Boolean returnStream, Boolean async, Int32 timeout, Task& task, Boolean asyncWrite)
   於 System.Data.SqlClient.SqlCommand.RunExecuteReader(CommandBehavior cmdBehavior, RunBehavior runBehavior, Boolean returnStream, String method, TaskCompletionSource`1 completion, Int32 timeout, Task& task, Boolean asyncWrite)
   於 System.Data.SqlClient.SqlCommand.InternalExecuteNonQuery(TaskCompletionSource`1 completion, String methodName, Boolean sendToPipe, Int32 timeout, Boolean asyncWrite)
   於 System.Data.SqlClient.SqlCommand.ExecuteNonQuery()
   於 Sci.Data.DBProxy.ExecuteByConn(SqlConnection conn, String cmdtext, IList`1 parameters) 於 d:\System2014\PublicClass\Sci\Data\DBProxy.cs: 行 1148
ClientConnectionId:7928619d-fc61-405f-913b-33a9145e5cc7
[2016/10/03 17:01:11.991] [19] imp_order
ok
[2016/10/03 17:01:13.169] [19] imp_mockuporder
ok
[2016/10/03 17:43:17.354] [22] imp_export
ok
