[2016/09/23 17:19:50.125] [9] ***** ***** ***** [2016/09/22 18:14:52.545] ***** ***** *****
[2016/09/23 17:19:50.126] [9] Ict.Win.UI.dll  Ict.Win.Frms.Base.Base_VisibleChanged  Data Transfer[Main] - 開始叫用 OnFormLoaded。
[2016/09/23 17:19:50.536] [9] Ict.Win.UI.dll  Ict.Win.Frms.Base.Base_VisibleChanged  Data Transfer[Main] - 叫用 OnFormLoaded 完成。
[2016/09/23 17:20:11.454] [9] Production.Daily.Main - Sci.Win.UI.EditBox[panelMail.editToAddress].Text 'willy.wei@sportscity.com.tw; leo.chang@sportscity.com.tw; ' => 'willy.wei@sportscity.com.tw; leo.chang@sportscity.com.tw; 
'
[2016/09/23 17:22:23.967] [9] Ict.Win.UI.dll  Ict.Win.UI.Button.OnClicking  [BtnTestMail]Testing Mail
[2016/09/23 17:22:24.069] [9] Ict.Win.UI.dll  Ict.Win.Frms.Base.Base_VisibleChanged  [MailTo] - 開始叫用 OnFormLoaded。
[2016/09/23 17:22:24.111] [9] Ict.Win.UI.dll  Ict.Win.Frms.Base.OnFormClosing  [MailTo] - CloseReason:'UserClosing'。
[2016/09/23 17:22:24.111] [9] Ict.Win.UI.dll  Ict.Win.Frms.Base.OnFormClosing  [MailTo] - CloseReason:'UserClosing'、Cancel:'False'。
[2016/09/23 17:22:24.111] [9] Ict.Win.UI.dll  Ict.Win.Frms.Base.Base_VisibleChanged  [MailTo] - 叫用 OnFormLoaded 完成。
[2016/09/23 17:22:24.119] [9] Ict.Win.UI.dll  Ict.Win.Frms.Base.OnFormClosed  [MailTo] - CloseReason:'UserClosing'、
[2016/09/23 17:22:24.123] [9] Ict.Win.UI.dll  Ict.Win.UI.Button.OnClicked  [BtnTestMail]Testing Mail
[2016/09/23 17:22:24.982] [9] Ict.Win.UI.dll  Ict.Win.UI.Button.OnClicking  [BtnTestMail]Testing Mail
[2016/09/23 17:22:25.097] [9] Ict.Win.UI.dll  Ict.Win.Frms.Base.Base_VisibleChanged  [MailTo] - 開始叫用 OnFormLoaded。
[2016/09/23 17:22:25.128] [9] Ict.Win.UI.dll  Ict.Win.Frms.Base.OnFormClosing  [MailTo] - CloseReason:'UserClosing'。
[2016/09/23 17:22:25.128] [9] Ict.Win.UI.dll  Ict.Win.Frms.Base.OnFormClosing  [MailTo] - CloseReason:'UserClosing'、Cancel:'False'。
[2016/09/23 17:22:25.128] [9] Ict.Win.UI.dll  Ict.Win.Frms.Base.Base_VisibleChanged  [MailTo] - 叫用 OnFormLoaded 完成。
[2016/09/23 17:22:25.142] [9] Ict.Win.UI.dll  Ict.Win.Frms.Base.OnFormClosed  [MailTo] - CloseReason:'UserClosing'、
[2016/09/23 17:22:25.149] [9] Ict.Win.UI.dll  Ict.Win.UI.Button.OnClicked  [BtnTestMail]Testing Mail
[2016/09/23 17:23:18.396] [9] Ict.Win.UI.dll  Ict.Win.Frms.Base.OnFormClosing  Data Transfer[Main] - CloseReason:'UserClosing'。
[2016/09/23 17:23:18.396] [9] Ict.Win.UI.dll  Ict.Win.Frms.Base.OnFormClosing  Data Transfer[Main] - CloseReason:'UserClosing'、Cancel:'False'。
[2016/09/23 17:23:18.397] [9] Ict.Win.UI.dll  Ict.Win.Frms.Base.OnFormClosed  Data Transfer[Main] - CloseReason:'UserClosing'、
[2016/09/23 17:30:49.574] [10] ***** ***** ***** [2016/09/23 17:23:18.874] ***** ***** *****
[2016/09/23 17:30:49.574] [10] Ict.Win.UI.dll  Ict.Win.Frms.Base.Base_VisibleChanged  Data Transfer[Main] - 開始叫用 OnFormLoaded。
[2016/09/23 17:30:49.687] [10] Ict.Win.UI.dll  Ict.Win.Frms.Base.Base_VisibleChanged  Data Transfer[Main] - 叫用 OnFormLoaded 完成。
[2016/09/23 17:31:04.725] [10] Ict.Win.UI.dll  Ict.Win.Frms.Base.OnFormClosing  Data Transfer[Main] - CloseReason:'UserClosing'。
[2016/09/23 17:31:04.726] [10] Ict.Win.UI.dll  Ict.Win.Frms.Base.OnFormClosing  Data Transfer[Main] - CloseReason:'UserClosing'、Cancel:'False'。
[2016/09/23 17:31:04.728] [10] Ict.Win.UI.dll  Ict.Win.Frms.Base.OnFormClosed  Data Transfer[Main] - CloseReason:'UserClosing'、
[2016/09/23 17:31:39.399] [8] ***** ***** ***** [2016/09/23 17:31:06.711] ***** ***** *****
[2016/09/23 17:31:39.400] [8] Ict.Win.UI.dll  Ict.Win.Frms.Base.Base_VisibleChanged  Data Transfer[Main] - 開始叫用 OnFormLoaded。
[2016/09/23 17:31:39.515] [8] Ict.Win.UI.dll  Ict.Win.Frms.Base.Base_VisibleChanged  Data Transfer[Main] - 叫用 OnFormLoaded 完成。
[2016/09/23 17:31:40.586] [8] Ict.Win.UI.dll  Ict.Win.UI.Button.OnClicking  [btnUpdate]Update/Export
[2016/09/23 17:31:40.718] [8] Ict.Win.UI.dll  Ict.Win.Frms.Base.Base_VisibleChanged  資料處理[Simple01] - 開始叫用 OnFormLoaded。
[2016/09/23 17:31:40.754] [8] Ict.Win.UI.dll  Ict.Win.Frms.Base.Base_VisibleChanged  資料處理[Simple01] - 叫用 OnFormLoaded 完成。
[2016/09/23 17:31:44.718] [10] DeleteDatabase
ok
[2016/09/23 17:38:15.041] [10] dropDB_Tables
ok
[2016/09/23 17:38:16.701] [15] dropDB_Tables
ok
[2016/09/23 17:38:16.741] [15] Create DateInfo
ok
[2016/09/23 17:38:16.984] [16] exp_Machine                                                                                         
ok
[2016/09/23 17:38:17.849] [17] exp_Debit                                                                                           
ok
[2016/09/23 17:38:19.042] [17] exp_Pass1                                                                                           
ok
[2016/09/23 17:38:19.449] [16] exp_Part                                                                                            
ok
[2016/09/23 17:38:20.240] [20] exp_Airpp                                                                                           
ok
[2016/09/23 17:38:24.361] [22] exp_Export                                                                                          
ok
[2016/09/23 17:38:24.374] [16] exp_Replacement                                                                                     
ok
[2016/09/23 17:38:24.618] [18] exp_Express                                                                                         
ok
[2016/09/23 17:38:26.240] [16] exp_WkHours                                                                                         
ok
[2016/09/23 17:38:26.263] [22] exp_Style_ProductionKits                                                                            
ok
[2016/09/23 17:38:26.263] [20] exp_Sewing                                                                                          
ok
[2016/09/23 17:38:26.496] [21] exp_Order                                                                                           
ok
[2016/09/23 17:38:31.174] [21] exp_OrderSchedule                                                                                   
ok
[2016/09/23 17:38:37.376] [19] exp_Cutting                                                                                         
ok
[2016/09/23 17:38:42.115] [17] exp_Pullout                                                                                         
ok
[2016/09/23 17:42:20.121] [14] exp_3rd                                                                                             
ok
[2016/09/23 17:46:03.841] [15] RAR DataBase
ok
[2016/09/23 17:46:06.963] [15] Upload RAR To Ftp 
ok
[2016/09/23 17:46:19.022] [15] Attach_DataBase
ok
[2016/09/23 17:46:28.924] [10] DeleteDatabase
ok
[2016/09/23 17:48:55.713] [10] Attach_DataBase
ok
